android/app/build/intermediates/manifest_merge_blame_file/debug/processDebugMainManifest/manifest-merger-blame-debug-report.txt
1<?xml version="1.0" encoding="utf-8"?>
2<manifest xmlns:android="http://schemas.android.com/apk/res/android"
3    package="com.mealfy.app"
4    android:versionCode="1"
5    android:versionName="1.0" >
6
7    <uses-sdk
8        android:minSdkVersion="24"
9        android:targetSdkVersion="36" />
10
11    <!-- Permissions -->
12    <uses-permission android:name="android.permission.INTERNET" />
12-->src\main\AndroidManifest.xml:39:5-67
12-->src\main\AndroidManifest.xml:39:22-64
13    <uses-permission android:name="android.permission.ACCESS_COARSE_LOCATION" />
13-->src\main\AndroidManifest.xml:40:5-81
13-->src\main\AndroidManifest.xml:40:22-78
14    <uses-permission android:name="android.permission.ACCESS_FINE_LOCATION" />
14-->src\main\AndroidManifest.xml:41:5-79
14-->src\main\AndroidManifest.xml:41:22-76
15    <uses-permission android:name="android.permission.ACCESS_NETWORK_STATE" />
15-->src\main\AndroidManifest.xml:42:5-79
15-->src\main\AndroidManifest.xml:42:22-76
16
17    <queries>
17-->[:capacitor-browser] AndroidManifest.xml:7:5-11:15
18        <intent>
18-->[:capacitor-browser] AndroidManifest.xml:8:9-10:18
19            <action android:name="android.support.customtabs.action.CustomTabsService" />
19-->[:capacitor-browser] AndroidManifest.xml:9:13-90
19-->[:capacitor-browser] AndroidManifest.xml:9:21-87
20        </intent>
21    </queries>
22
23    <permission
23-->[androidx.core:core:1.17.0] AndroidManifest.xml:22:5-24:47
24        android:name="com.mealfy.app.DYNAMIC_RECEIVER_NOT_EXPORTED_PERMISSION"
24-->[androidx.core:core:1.17.0] AndroidManifest.xml:23:9-81
25        android:protectionLevel="signature" />
25-->[androidx.core:core:1.17.0] AndroidManifest.xml:24:9-44
26
27    <uses-permission android:name="com.mealfy.app.DYNAMIC_RECEIVER_NOT_EXPORTED_PERMISSION" />
27-->[androidx.core:core:1.17.0] AndroidManifest.xml:26:5-97
27-->[androidx.core:core:1.17.0] AndroidManifest.xml:26:22-94
28
29    <application
29-->src\main\AndroidManifest.xml:4:5-36:19
30        android:allowBackup="true"
30-->src\main\AndroidManifest.xml:5:9-35
31        android:appComponentFactory="androidx.core.app.CoreComponentFactory"
31-->[androidx.core:core:1.17.0] AndroidManifest.xml:28:18-86
32        android:debuggable="true"
33        android:extractNativeLibs="false"
34        android:icon="@mipmap/ic_launcher"
34-->src\main\AndroidManifest.xml:6:9-43
35        android:label="@string/app_name"
35-->src\main\AndroidManifest.xml:7:9-41
36        android:roundIcon="@mipmap/ic_launcher_round"
36-->src\main\AndroidManifest.xml:8:9-54
37        android:supportsRtl="true"
37-->src\main\AndroidManifest.xml:9:9-35
38        android:theme="@style/AppTheme" >
38-->src\main\AndroidManifest.xml:10:9-40
39        <activity
39-->src\main\AndroidManifest.xml:12:9-25:20
40            android:name="com.mealfy.app.MainActivity"
40-->src\main\AndroidManifest.xml:14:13-41
41            android:configChanges="orientation|keyboardHidden|keyboard|screenSize|locale|smallestScreenSize|screenLayout|uiMode|navigation|density"
41-->src\main\AndroidManifest.xml:13:13-148
42            android:exported="true"
42-->src\main\AndroidManifest.xml:18:13-36
43            android:label="@string/title_activity_main"
43-->src\main\AndroidManifest.xml:15:13-56
44            android:launchMode="singleTask"
44-->src\main\AndroidManifest.xml:17:13-44
45            android:theme="@style/AppTheme.NoActionBarLaunch" >
45-->src\main\AndroidManifest.xml:16:13-62
46            <intent-filter>
46-->src\main\AndroidManifest.xml:20:13-23:29
47                <action android:name="android.intent.action.MAIN" />
47-->src\main\AndroidManifest.xml:21:17-69
47-->src\main\AndroidManifest.xml:21:25-66
48
49                <category android:name="android.intent.category.LAUNCHER" />
49-->src\main\AndroidManifest.xml:22:17-77
49-->src\main\AndroidManifest.xml:22:27-74
50            </intent-filter>
51        </activity>
52
53        <provider
54            android:name="androidx.core.content.FileProvider"
54-->src\main\AndroidManifest.xml:28:13-62
55            android:authorities="com.mealfy.app.fileprovider"
55-->src\main\AndroidManifest.xml:29:13-64
56            android:exported="false"
56-->src\main\AndroidManifest.xml:30:13-37
57            android:grantUriPermissions="true" >
57-->src\main\AndroidManifest.xml:31:13-47
58            <meta-data
58-->src\main\AndroidManifest.xml:32:13-34:64
59                android:name="android.support.FILE_PROVIDER_PATHS"
59-->src\main\AndroidManifest.xml:33:17-67
60                android:resource="@xml/file_paths" />
60-->src\main\AndroidManifest.xml:34:17-51
61        </provider>
62
63        <activity
63-->[:capacitor-browser] AndroidManifest.xml:14:9-18:75
64            android:name="com.capacitorjs.plugins.browser.BrowserControllerActivity"
64-->[:capacitor-browser] AndroidManifest.xml:15:13-85
65            android:exported="false"
65-->[:capacitor-browser] AndroidManifest.xml:16:13-37
66            android:launchMode="singleTask"
66-->[:capacitor-browser] AndroidManifest.xml:17:13-44
67            android:theme="@android:style/Theme.Translucent.NoTitleBar" />
67-->[:capacitor-browser] AndroidManifest.xml:18:13-72
68        <activity
68-->[com.google.android.gms:play-services-base:18.5.0] AndroidManifest.xml:5:9-173
69            android:name="com.google.android.gms.common.api.GoogleApiActivity"
69-->[com.google.android.gms:play-services-base:18.5.0] AndroidManifest.xml:5:19-85
70            android:exported="false"
70-->[com.google.android.gms:play-services-base:18.5.0] AndroidManifest.xml:5:146-170
71            android:theme="@android:style/Theme.Translucent.NoTitleBar" />
71-->[com.google.android.gms:play-services-base:18.5.0] AndroidManifest.xml:5:86-145
72
73        <provider
73-->[androidx.emoji2:emoji2:1.3.0] AndroidManifest.xml:24:9-32:20
74            android:name="androidx.startup.InitializationProvider"
74-->[androidx.emoji2:emoji2:1.3.0] AndroidManifest.xml:25:13-67
75            android:authorities="com.mealfy.app.androidx-startup"
75-->[androidx.emoji2:emoji2:1.3.0] AndroidManifest.xml:26:13-68
76            android:exported="false" >
76-->[androidx.emoji2:emoji2:1.3.0] AndroidManifest.xml:27:13-37
77            <meta-data
77-->[androidx.emoji2:emoji2:1.3.0] AndroidManifest.xml:29:13-31:52
78                android:name="androidx.emoji2.text.EmojiCompatInitializer"
78-->[androidx.emoji2:emoji2:1.3.0] AndroidManifest.xml:30:17-75
79                android:value="androidx.startup" />
79-->[androidx.emoji2:emoji2:1.3.0] AndroidManifest.xml:31:17-49
80            <meta-data
80-->[androidx.lifecycle:lifecycle-process:2.6.2] AndroidManifest.xml:29:13-31:52
81                android:name="androidx.lifecycle.ProcessLifecycleInitializer"
81-->[androidx.lifecycle:lifecycle-process:2.6.2] AndroidManifest.xml:30:17-78
82                android:value="androidx.startup" />
82-->[androidx.lifecycle:lifecycle-process:2.6.2] AndroidManifest.xml:31:17-49
83            <meta-data
83-->[androidx.profileinstaller:profileinstaller:1.4.0] AndroidManifest.xml:29:13-31:52
84                android:name="androidx.profileinstaller.ProfileInstallerInitializer"
84-->[androidx.profileinstaller:profileinstaller:1.4.0] AndroidManifest.xml:30:17-85
85                android:value="androidx.startup" />
85-->[androidx.profileinstaller:profileinstaller:1.4.0] AndroidManifest.xml:31:17-49
86        </provider>
87
88        <meta-data
88-->[com.google.android.gms:play-services-basement:18.4.0] AndroidManifest.xml:6:9-122
89            android:name="com.google.android.gms.version"
89-->[com.google.android.gms:play-services-basement:18.4.0] AndroidManifest.xml:6:20-65
90            android:value="@integer/google_play_services_version" />
90-->[com.google.android.gms:play-services-basement:18.4.0] AndroidManifest.xml:6:66-119
91
92        <receiver
92-->[androidx.profileinstaller:profileinstaller:1.4.0] AndroidManifest.xml:34:9-52:20
93            android:name="androidx.profileinstaller.ProfileInstallReceiver"
93-->[androidx.profileinstaller:profileinstaller:1.4.0] AndroidManifest.xml:35:13-76
94            android:directBootAware="false"
94-->[androidx.profileinstaller:profileinstaller:1.4.0] AndroidManifest.xml:36:13-44
95            android:enabled="true"
95-->[androidx.profileinstaller:profileinstaller:1.4.0] AndroidManifest.xml:37:13-35
96            android:exported="true"
96-->[androidx.profileinstaller:profileinstaller:1.4.0] AndroidManifest.xml:38:13-36
97            android:permission="android.permission.DUMP" >
97-->[androidx.profileinstaller:profileinstaller:1.4.0] AndroidManifest.xml:39:13-57
98            <intent-filter>
98-->[androidx.profileinstaller:profileinstaller:1.4.0] AndroidManifest.xml:40:13-42:29
99                <action android:name="androidx.profileinstaller.action.INSTALL_PROFILE" />
99-->[androidx.profileinstaller:profileinstaller:1.4.0] AndroidManifest.xml:41:17-91
99-->[androidx.profileinstaller:profileinstaller:1.4.0] AndroidManifest.xml:41:25-88
100            </intent-filter>
101            <intent-filter>
101-->[androidx.profileinstaller:profileinstaller:1.4.0] AndroidManifest.xml:43:13-45:29
102                <action android:name="androidx.profileinstaller.action.SKIP_FILE" />
102-->[androidx.profileinstaller:profileinstaller:1.4.0] AndroidManifest.xml:44:17-85
102-->[androidx.profileinstaller:profileinstaller:1.4.0] AndroidManifest.xml:44:25-82
103            </intent-filter>
104            <intent-filter>
104-->[androidx.profileinstaller:profileinstaller:1.4.0] AndroidManifest.xml:46:13-48:29
105                <action android:name="androidx.profileinstaller.action.SAVE_PROFILE" />
105-->[androidx.profileinstaller:profileinstaller:1.4.0] AndroidManifest.xml:47:17-88
105-->[androidx.profileinstaller:profileinstaller:1.4.0] AndroidManifest.xml:47:25-85
106            </intent-filter>
107            <intent-filter>
107-->[androidx.profileinstaller:profileinstaller:1.4.0] AndroidManifest.xml:49:13-51:29
108                <action android:name="androidx.profileinstaller.action.BENCHMARK_OPERATION" />
108-->[androidx.profileinstaller:profileinstaller:1.4.0] AndroidManifest.xml:50:17-95
108-->[androidx.profileinstaller:profileinstaller:1.4.0] AndroidManifest.xml:50:25-92
109            </intent-filter>
110        </receiver>
111    </application>
112
113</manifest>